<?xml version="1.0" encoding="UTF-8"?>
<!-- Generated by org.testng.reporters.JUnitXMLReporter -->
<testsuite hostname="LAPTOP-SR113PBD" ignored="0" name="Default test" tests="10" failures="0" timestamp="2021-07-02T18:19:22 IST" time="46.897" errors="0">
  <testcase name="websiteTest" time="0.832" classname="com.justdial.testcases.HomepageTestCases"/>
  <testcase name="elementsTest" time="0.295" classname="com.justdial.testcases.HomepageTestCases"/>
  <testcase name="loginPageTest" time="1.933" classname="com.justdial.testcases.HomepageTestCases"/>
  <testcase name="locationTest" time="3.304" classname="com.justdial.testcases.HomepageTestCases"/>
  <testcase name="searchingTest" time="4.375" classname="com.justdial.testcases.HomepageTestCases"/>
  <testcase name="resultPageTest" time="0.372" classname="com.justdial.testcases.HomepageTestCases"/>
  <testcase name="bestdealsTest" time="1.071" classname="com.justdial.testcases.HomepageTestCases"/>
  <testcase name="ratingCheck" time="0.138" classname="com.justdial.testcases.HomepageTestCases"/>
  <testcase name="printData" time="8.894" classname="com.justdial.testcases.HomepageTestCases"/>
  <testcase name="dataFromMenubar" time="6.778" classname="com.justdial.testcases.HomepageTestCases"/>
</testsuite> <!-- Default test -->
